DEBUG   |120904 00:59:08|Loading filters
DEBUG   |120904 00:59:08|-- Loading filter Directories
DEBUG   |120904 00:59:08|-- Loading filter Files
DEBUG   |120904 00:59:08|-- Loading filter Incremental
DEBUG   |120904 00:59:08|-- Loading filter Skipdirs
DEBUG   |120904 00:59:08|-- Loading filter Skipfiles
DEBUG   |120904 00:59:08|-- Loading filter Srpdata
DEBUG   |120904 00:59:08|-- Loading filter Srpdirs
DEBUG   |120904 00:59:08|-- Loading filter Srpfiles
DEBUG   |120904 00:59:08|-- Loading filter Srpskipdata
DEBUG   |120904 00:59:08|-- Loading filter Srpskipfiles
DEBUG   |120904 00:59:08|-- Loading filter Tabledata
DEBUG   |120904 00:59:08|-- Loading filter Tables
DEBUG   |120904 00:59:08|-- Loading filter PlatformFiles
DEBUG   |120904 00:59:08|-- Loading filter PlatformFolders
DEBUG   |120904 00:59:08|-- Loading filter PlatformLibraries
DEBUG   |120904 00:59:08|-- Loading filter PlatformSitedb
DEBUG   |120904 00:59:08|-- Loading filter PlatformSiteroot
DEBUG   |120904 00:59:08|-- Loading filter PlatformSkipdirs
DEBUG   |120904 00:59:08|-- Loading filter PlatformSkipfiles
DEBUG   |120904 00:59:08|-- Loading filter PlatformSystemcachefiles
DEBUG   |120904 00:59:08|-- Loading filter PlatformTabledata
DEBUG   |120904 00:59:08|Loading optional filters
DEBUG   |120904 00:59:08|-- Loading optional filter StackPlatformFinder
DEBUG   |120904 00:59:12|Loading filters
DEBUG   |120904 00:59:12|-- Loading filter Directories
DEBUG   |120904 00:59:12|-- Loading filter Files
DEBUG   |120904 00:59:12|-- Loading filter Incremental
DEBUG   |120904 00:59:12|-- Loading filter Skipdirs
DEBUG   |120904 00:59:12|-- Loading filter Skipfiles
DEBUG   |120904 00:59:12|-- Loading filter Srpdata
DEBUG   |120904 00:59:12|-- Loading filter Srpdirs
DEBUG   |120904 00:59:12|-- Loading filter Srpfiles
DEBUG   |120904 00:59:12|-- Loading filter Srpskipdata
DEBUG   |120904 00:59:12|-- Loading filter Srpskipfiles
DEBUG   |120904 00:59:12|-- Loading filter Tabledata
DEBUG   |120904 00:59:12|-- Loading filter Tables
DEBUG   |120904 00:59:12|-- Loading filter PlatformFiles
DEBUG   |120904 00:59:12|-- Loading filter PlatformFolders
DEBUG   |120904 00:59:12|-- Loading filter PlatformLibraries
DEBUG   |120904 00:59:12|-- Loading filter PlatformSitedb
DEBUG   |120904 00:59:12|-- Loading filter PlatformSiteroot
DEBUG   |120904 00:59:12|-- Loading filter PlatformSkipdirs
DEBUG   |120904 00:59:12|-- Loading filter PlatformSkipfiles
DEBUG   |120904 00:59:12|-- Loading filter PlatformSystemcachefiles
DEBUG   |120904 00:59:12|-- Loading filter PlatformTabledata
DEBUG   |120904 00:59:12|Loading optional filters
DEBUG   |120904 00:59:12|-- Loading optional filter StackPlatformFinder
DEBUG   |120904 00:59:18|Loading filters
DEBUG   |120904 00:59:18|-- Loading filter Directories
DEBUG   |120904 00:59:18|-- Loading filter Files
DEBUG   |120904 00:59:18|-- Loading filter Incremental
DEBUG   |120904 00:59:18|-- Loading filter Skipdirs
DEBUG   |120904 00:59:18|-- Loading filter Skipfiles
DEBUG   |120904 00:59:18|-- Loading filter Srpdata
DEBUG   |120904 00:59:18|-- Loading filter Srpdirs
DEBUG   |120904 00:59:18|-- Loading filter Srpfiles
DEBUG   |120904 00:59:18|-- Loading filter Srpskipdata
DEBUG   |120904 00:59:18|-- Loading filter Srpskipfiles
DEBUG   |120904 00:59:18|-- Loading filter Tabledata
DEBUG   |120904 00:59:18|-- Loading filter Tables
DEBUG   |120904 00:59:18|-- Loading filter PlatformFiles
DEBUG   |120904 00:59:18|-- Loading filter PlatformFolders
DEBUG   |120904 00:59:18|-- Loading filter PlatformLibraries
DEBUG   |120904 00:59:18|-- Loading filter PlatformSitedb
DEBUG   |120904 00:59:18|-- Loading filter PlatformSiteroot
DEBUG   |120904 00:59:18|-- Loading filter PlatformSkipdirs
DEBUG   |120904 00:59:18|-- Loading filter PlatformSkipfiles
DEBUG   |120904 00:59:18|-- Loading filter PlatformSystemcachefiles
DEBUG   |120904 00:59:18|-- Loading filter PlatformTabledata
DEBUG   |120904 00:59:18|Loading optional filters
DEBUG   |120904 00:59:18|-- Loading optional filter StackPlatformFinder
DEBUG   |120904 00:59:19|Loading filters
DEBUG   |120904 00:59:19|-- Loading filter Directories
DEBUG   |120904 00:59:19|-- Loading filter Files
DEBUG   |120904 00:59:19|-- Loading filter Incremental
DEBUG   |120904 00:59:19|-- Loading filter Skipdirs
DEBUG   |120904 00:59:19|-- Loading filter Skipfiles
DEBUG   |120904 00:59:19|-- Loading filter Srpdata
DEBUG   |120904 00:59:19|-- Loading filter Srpdirs
DEBUG   |120904 00:59:19|-- Loading filter Srpfiles
DEBUG   |120904 00:59:19|-- Loading filter Srpskipdata
DEBUG   |120904 00:59:19|-- Loading filter Srpskipfiles
DEBUG   |120904 00:59:19|-- Loading filter Tabledata
DEBUG   |120904 00:59:19|-- Loading filter Tables
DEBUG   |120904 00:59:19|-- Loading filter PlatformFiles
DEBUG   |120904 00:59:19|-- Loading filter PlatformFolders
DEBUG   |120904 00:59:19|-- Loading filter PlatformLibraries
DEBUG   |120904 00:59:19|-- Loading filter PlatformSitedb
DEBUG   |120904 00:59:19|-- Loading filter PlatformSiteroot
DEBUG   |120904 00:59:19|-- Loading filter PlatformSkipdirs
DEBUG   |120904 00:59:19|-- Loading filter PlatformSkipfiles
DEBUG   |120904 00:59:19|-- Loading filter PlatformSystemcachefiles
DEBUG   |120904 00:59:19|-- Loading filter PlatformTabledata
DEBUG   |120904 00:59:19|Loading optional filters
DEBUG   |120904 00:59:19|-- Loading optional filter StackPlatformFinder
